CRITICAL - 2024-07-28 01:23:38 --> Error: Class "system\RESTful\ResourceController" not found
[Method: GET, Route: /]
in APPPATH\Controllers\Home.php on line 9.
 1 SYSTEMPATH\Autoloader\Autoloader.php(317): include_once()
 2 SYSTEMPATH\Autoloader\Autoloader.php(296): CodeIgniter\Autoloader\Autoloader->includeFile('C:\\xampp\\htdocs\\api2\\app\\Controllers\\Home.php')
 3 SYSTEMPATH\Autoloader\Autoloader.php(272): CodeIgniter\Autoloader\Autoloader->loadInNamespace('App\\Controllers\\Home')
 4 [internal function]: CodeIgniter\Autoloader\Autoloader->loadClass('App\\Controllers\\Home')
 5 SYSTEMPATH\CodeIgniter.php(887): class_exists('\\App\\Controllers\\Home', true)
 6 SYSTEMPATH\CodeIgniter.php(496): CodeIgniter\CodeIgniter->startController()
 7 SYSTEMPATH\CodeIgniter.php(355): CodeIgniter\CodeIgniter->handleRequest(null, Object(Config\Cache), false)
 8 SYSTEMPATH\Boot.php(312): CodeIgniter\CodeIgniter->run()
 9 SYSTEMPATH\Boot.php(67): CodeIgniter\Boot::runCodeIgniter(Object(CodeIgniter\CodeIgniter))
10 FCPATH\index.php(56): CodeIgniter\Boot::bootWeb(Object(Config\Paths))
ERROR - 2024-07-28 01:37:37 --> ErrorException: pg_query(): Query failed: ERROR:  el valor nulo en la columna «name» de la relación «users» viola la restricción de no nulo
DETAIL:  La fila que falla contiene (11, null, null). in C:\xampp\htdocs\api2\system\Database\Postgre\Connection.php:193
Stack trace:
#0 [internal function]: CodeIgniter\Debug\Exceptions->errorHandler(2, 'pg_query(): Que...', 'C:\\xampp\\htdocs...', 193)
#1 C:\xampp\htdocs\api2\system\Database\Postgre\Connection.php(193): pg_query(Object(PgSql\Connection), 'INSERT INTO "us...')
#2 C:\xampp\htdocs\api2\system\Database\BaseConnection.php(722): CodeIgniter\Database\Postgre\Connection->execute('INSERT INTO "us...')
#3 C:\xampp\htdocs\api2\system\Database\BaseConnection.php(636): CodeIgniter\Database\BaseConnection->simpleQuery('INSERT INTO "us...')
#4 C:\xampp\htdocs\api2\system\Database\BaseBuilder.php(2325): CodeIgniter\Database\BaseConnection->query('INSERT INTO "us...', Array, false)
#5 C:\xampp\htdocs\api2\system\Model.php(383): CodeIgniter\Database\BaseBuilder->insert()
#6 C:\xampp\htdocs\api2\system\BaseModel.php(840): CodeIgniter\Model->doInsert(Array)
#7 C:\xampp\htdocs\api2\system\Model.php(791): CodeIgniter\BaseModel->insert(Array, true)
#8 C:\xampp\htdocs\api2\app\Controllers\Users.php(41): CodeIgniter\Model->insert(Array)
#9 C:\xampp\htdocs\api2\system\CodeIgniter.php(933): App\Controllers\Users->create()
#10 C:\xampp\htdocs\api2\system\CodeIgniter.php(509): CodeIgniter\CodeIgniter->runController(Object(App\Controllers\Users))
#11 C:\xampp\htdocs\api2\system\CodeIgniter.php(355): CodeIgniter\CodeIgniter->handleRequest(NULL, Object(Config\Cache), false)
#12 C:\xampp\htdocs\api2\system\Boot.php(312): CodeIgniter\CodeIgniter->run()
#13 C:\xampp\htdocs\api2\system\Boot.php(67): CodeIgniter\Boot::runCodeIgniter(Object(CodeIgniter\CodeIgniter))
#14 C:\xampp\htdocs\api2\index.php(56): CodeIgniter\Boot::bootWeb(Object(Config\Paths))
#15 {main}
CRITICAL - 2024-07-28 01:37:37 --> CodeIgniter\Database\Exceptions\DatabaseException: pg_query(): Query failed: ERROR:  el valor nulo en la columna «name» de la relación «users» viola la restricción de no nulo
DETAIL:  La fila que falla contiene (11, null, null).
[Method: POST, Route: users]
in SYSTEMPATH\Database\BaseConnection.php on line 676.
 1 SYSTEMPATH\Database\BaseBuilder.php(2325): CodeIgniter\Database\BaseConnection->query('INSERT INTO "users" ("name", "email") VALUES (:name:, :email:)', [...], false)
 2 SYSTEMPATH\Model.php(383): CodeIgniter\Database\BaseBuilder->insert()
 3 SYSTEMPATH\BaseModel.php(840): CodeIgniter\Model->doInsert([...])
 4 SYSTEMPATH\Model.php(791): CodeIgniter\BaseModel->insert([...], true)
 5 APPPATH\Controllers\Users.php(41): CodeIgniter\Model->insert([...])
 6 SYSTEMPATH\CodeIgniter.php(933): App\Controllers\Users->create()
 7 SYSTEMPATH\CodeIgniter.php(509): CodeIgniter\CodeIgniter->runController(Object(App\Controllers\Users))
 8 SYSTEMPATH\CodeIgniter.php(355): CodeIgniter\CodeIgniter->handleRequest(null, Object(Config\Cache), false)
 9 SYSTEMPATH\Boot.php(312): CodeIgniter\CodeIgniter->run()
10 SYSTEMPATH\Boot.php(67): CodeIgniter\Boot::runCodeIgniter(Object(CodeIgniter\CodeIgniter))
11 FCPATH\index.php(56): CodeIgniter\Boot::bootWeb(Object(Config\Paths))
CRITICAL - 2024-07-28 01:37:37 --> [Caused by] CodeIgniter\Database\Exceptions\DatabaseException: pg_query(): Query failed: ERROR:  el valor nulo en la columna «name» de la relación «users» viola la restricción de no nulo
DETAIL:  La fila que falla contiene (11, null, null).
in SYSTEMPATH\Database\Postgre\Connection.php on line 198.
 1 SYSTEMPATH\Database\BaseConnection.php(722): CodeIgniter\Database\Postgre\Connection->execute('INSERT INTO "users" ("name", "email") VALUES (NULL, NULL)')
 2 SYSTEMPATH\Database\BaseConnection.php(636): CodeIgniter\Database\BaseConnection->simpleQuery('INSERT INTO "users" ("name", "email") VALUES (NULL, NULL)')
 3 SYSTEMPATH\Database\BaseBuilder.php(2325): CodeIgniter\Database\BaseConnection->query('INSERT INTO "users" ("name", "email") VALUES (:name:, :email:)', [...], false)
 4 SYSTEMPATH\Model.php(383): CodeIgniter\Database\BaseBuilder->insert()
 5 SYSTEMPATH\BaseModel.php(840): CodeIgniter\Model->doInsert([...])
 6 SYSTEMPATH\Model.php(791): CodeIgniter\BaseModel->insert([...], true)
 7 APPPATH\Controllers\Users.php(41): CodeIgniter\Model->insert([...])
 8 SYSTEMPATH\CodeIgniter.php(933): App\Controllers\Users->create()
 9 SYSTEMPATH\CodeIgniter.php(509): CodeIgniter\CodeIgniter->runController(Object(App\Controllers\Users))
10 SYSTEMPATH\CodeIgniter.php(355): CodeIgniter\CodeIgniter->handleRequest(null, Object(Config\Cache), false)
11 SYSTEMPATH\Boot.php(312): CodeIgniter\CodeIgniter->run()
12 SYSTEMPATH\Boot.php(67): CodeIgniter\Boot::runCodeIgniter(Object(CodeIgniter\CodeIgniter))
13 FCPATH\index.php(56): CodeIgniter\Boot::bootWeb(Object(Config\Paths))
CRITICAL - 2024-07-28 01:37:37 --> [Caused by] ErrorException: pg_query(): Query failed: ERROR:  el valor nulo en la columna «name» de la relación «users» viola la restricción de no nulo
DETAIL:  La fila que falla contiene (11, null, null).
in SYSTEMPATH\Database\Postgre\Connection.php on line 193.
 1 [internal function]: CodeIgniter\Debug\Exceptions->errorHandler(2, 'pg_query(): Query failed: ERROR:  el valor nulo en la columna «name» de la relación «users» viola la restricción de no nulo
DETAIL:  La fila que falla contiene (11, null, null).', 'C:\\xampp\\htdocs\\api2\\system\\Database\\Postgre\\Connection.php', 193)
 2 SYSTEMPATH\Database\Postgre\Connection.php(193): pg_query(Object(PgSql\Connection), 'INSERT INTO "users" ("name", "email") VALUES (NULL, NULL)')
 3 SYSTEMPATH\Database\BaseConnection.php(722): CodeIgniter\Database\Postgre\Connection->execute('INSERT INTO "users" ("name", "email") VALUES (NULL, NULL)')
 4 SYSTEMPATH\Database\BaseConnection.php(636): CodeIgniter\Database\BaseConnection->simpleQuery('INSERT INTO "users" ("name", "email") VALUES (NULL, NULL)')
 5 SYSTEMPATH\Database\BaseBuilder.php(2325): CodeIgniter\Database\BaseConnection->query('INSERT INTO "users" ("name", "email") VALUES (:name:, :email:)', [...], false)
 6 SYSTEMPATH\Model.php(383): CodeIgniter\Database\BaseBuilder->insert()
 7 SYSTEMPATH\BaseModel.php(840): CodeIgniter\Model->doInsert([...])
 8 SYSTEMPATH\Model.php(791): CodeIgniter\BaseModel->insert([...], true)
 9 APPPATH\Controllers\Users.php(41): CodeIgniter\Model->insert([...])
10 SYSTEMPATH\CodeIgniter.php(933): App\Controllers\Users->create()
11 SYSTEMPATH\CodeIgniter.php(509): CodeIgniter\CodeIgniter->runController(Object(App\Controllers\Users))
12 SYSTEMPATH\CodeIgniter.php(355): CodeIgniter\CodeIgniter->handleRequest(null, Object(Config\Cache), false)
13 SYSTEMPATH\Boot.php(312): CodeIgniter\CodeIgniter->run()
14 SYSTEMPATH\Boot.php(67): CodeIgniter\Boot::runCodeIgniter(Object(CodeIgniter\CodeIgniter))
15 FCPATH\index.php(56): CodeIgniter\Boot::bootWeb(Object(Config\Paths))
ERROR - 2024-07-28 15:50:48 --> ErrorException: pg_query(): Query failed: ERROR:  el valor nulo en la columna «name» de la relación «users» viola la restricción de no nulo
DETAIL:  La fila que falla contiene (12, null, null). in C:\xampp\htdocs\api2\system\Database\Postgre\Connection.php:193
Stack trace:
#0 [internal function]: CodeIgniter\Debug\Exceptions->errorHandler(2, 'pg_query(): Que...', 'C:\\xampp\\htdocs...', 193)
#1 C:\xampp\htdocs\api2\system\Database\Postgre\Connection.php(193): pg_query(Object(PgSql\Connection), 'INSERT INTO "us...')
#2 C:\xampp\htdocs\api2\system\Database\BaseConnection.php(722): CodeIgniter\Database\Postgre\Connection->execute('INSERT INTO "us...')
#3 C:\xampp\htdocs\api2\system\Database\BaseConnection.php(636): CodeIgniter\Database\BaseConnection->simpleQuery('INSERT INTO "us...')
#4 C:\xampp\htdocs\api2\system\Database\BaseBuilder.php(2325): CodeIgniter\Database\BaseConnection->query('INSERT INTO "us...', Array, false)
#5 C:\xampp\htdocs\api2\system\Model.php(383): CodeIgniter\Database\BaseBuilder->insert()
#6 C:\xampp\htdocs\api2\system\BaseModel.php(840): CodeIgniter\Model->doInsert(Array)
#7 C:\xampp\htdocs\api2\system\Model.php(791): CodeIgniter\BaseModel->insert(Array, true)
#8 C:\xampp\htdocs\api2\app\Controllers\Users.php(41): CodeIgniter\Model->insert(Array)
#9 C:\xampp\htdocs\api2\system\CodeIgniter.php(933): App\Controllers\Users->create()
#10 C:\xampp\htdocs\api2\system\CodeIgniter.php(509): CodeIgniter\CodeIgniter->runController(Object(App\Controllers\Users))
#11 C:\xampp\htdocs\api2\system\CodeIgniter.php(355): CodeIgniter\CodeIgniter->handleRequest(NULL, Object(Config\Cache), false)
#12 C:\xampp\htdocs\api2\system\Boot.php(312): CodeIgniter\CodeIgniter->run()
#13 C:\xampp\htdocs\api2\system\Boot.php(67): CodeIgniter\Boot::runCodeIgniter(Object(CodeIgniter\CodeIgniter))
#14 C:\xampp\htdocs\api2\index.php(56): CodeIgniter\Boot::bootWeb(Object(Config\Paths))
#15 {main}
CRITICAL - 2024-07-28 15:50:48 --> CodeIgniter\Database\Exceptions\DatabaseException: pg_query(): Query failed: ERROR:  el valor nulo en la columna «name» de la relación «users» viola la restricción de no nulo
DETAIL:  La fila que falla contiene (12, null, null).
[Method: POST, Route: users]
in SYSTEMPATH\Database\BaseConnection.php on line 676.
 1 SYSTEMPATH\Database\BaseBuilder.php(2325): CodeIgniter\Database\BaseConnection->query('INSERT INTO "users" ("name", "email") VALUES (:name:, :email:)', [...], false)
 2 SYSTEMPATH\Model.php(383): CodeIgniter\Database\BaseBuilder->insert()
 3 SYSTEMPATH\BaseModel.php(840): CodeIgniter\Model->doInsert([...])
 4 SYSTEMPATH\Model.php(791): CodeIgniter\BaseModel->insert([...], true)
 5 APPPATH\Controllers\Users.php(41): CodeIgniter\Model->insert([...])
 6 SYSTEMPATH\CodeIgniter.php(933): App\Controllers\Users->create()
 7 SYSTEMPATH\CodeIgniter.php(509): CodeIgniter\CodeIgniter->runController(Object(App\Controllers\Users))
 8 SYSTEMPATH\CodeIgniter.php(355): CodeIgniter\CodeIgniter->handleRequest(null, Object(Config\Cache), false)
 9 SYSTEMPATH\Boot.php(312): CodeIgniter\CodeIgniter->run()
10 SYSTEMPATH\Boot.php(67): CodeIgniter\Boot::runCodeIgniter(Object(CodeIgniter\CodeIgniter))
11 FCPATH\index.php(56): CodeIgniter\Boot::bootWeb(Object(Config\Paths))
CRITICAL - 2024-07-28 15:50:48 --> [Caused by] CodeIgniter\Database\Exceptions\DatabaseException: pg_query(): Query failed: ERROR:  el valor nulo en la columna «name» de la relación «users» viola la restricción de no nulo
DETAIL:  La fila que falla contiene (12, null, null).
in SYSTEMPATH\Database\Postgre\Connection.php on line 198.
 1 SYSTEMPATH\Database\BaseConnection.php(722): CodeIgniter\Database\Postgre\Connection->execute('INSERT INTO "users" ("name", "email") VALUES (NULL, NULL)')
 2 SYSTEMPATH\Database\BaseConnection.php(636): CodeIgniter\Database\BaseConnection->simpleQuery('INSERT INTO "users" ("name", "email") VALUES (NULL, NULL)')
 3 SYSTEMPATH\Database\BaseBuilder.php(2325): CodeIgniter\Database\BaseConnection->query('INSERT INTO "users" ("name", "email") VALUES (:name:, :email:)', [...], false)
 4 SYSTEMPATH\Model.php(383): CodeIgniter\Database\BaseBuilder->insert()
 5 SYSTEMPATH\BaseModel.php(840): CodeIgniter\Model->doInsert([...])
 6 SYSTEMPATH\Model.php(791): CodeIgniter\BaseModel->insert([...], true)
 7 APPPATH\Controllers\Users.php(41): CodeIgniter\Model->insert([...])
 8 SYSTEMPATH\CodeIgniter.php(933): App\Controllers\Users->create()
 9 SYSTEMPATH\CodeIgniter.php(509): CodeIgniter\CodeIgniter->runController(Object(App\Controllers\Users))
10 SYSTEMPATH\CodeIgniter.php(355): CodeIgniter\CodeIgniter->handleRequest(null, Object(Config\Cache), false)
11 SYSTEMPATH\Boot.php(312): CodeIgniter\CodeIgniter->run()
12 SYSTEMPATH\Boot.php(67): CodeIgniter\Boot::runCodeIgniter(Object(CodeIgniter\CodeIgniter))
13 FCPATH\index.php(56): CodeIgniter\Boot::bootWeb(Object(Config\Paths))
CRITICAL - 2024-07-28 15:50:48 --> [Caused by] ErrorException: pg_query(): Query failed: ERROR:  el valor nulo en la columna «name» de la relación «users» viola la restricción de no nulo
DETAIL:  La fila que falla contiene (12, null, null).
in SYSTEMPATH\Database\Postgre\Connection.php on line 193.
 1 [internal function]: CodeIgniter\Debug\Exceptions->errorHandler(2, 'pg_query(): Query failed: ERROR:  el valor nulo en la columna «name» de la relación «users» viola la restricción de no nulo
DETAIL:  La fila que falla contiene (12, null, null).', 'C:\\xampp\\htdocs\\api2\\system\\Database\\Postgre\\Connection.php', 193)
 2 SYSTEMPATH\Database\Postgre\Connection.php(193): pg_query(Object(PgSql\Connection), 'INSERT INTO "users" ("name", "email") VALUES (NULL, NULL)')
 3 SYSTEMPATH\Database\BaseConnection.php(722): CodeIgniter\Database\Postgre\Connection->execute('INSERT INTO "users" ("name", "email") VALUES (NULL, NULL)')
 4 SYSTEMPATH\Database\BaseConnection.php(636): CodeIgniter\Database\BaseConnection->simpleQuery('INSERT INTO "users" ("name", "email") VALUES (NULL, NULL)')
 5 SYSTEMPATH\Database\BaseBuilder.php(2325): CodeIgniter\Database\BaseConnection->query('INSERT INTO "users" ("name", "email") VALUES (:name:, :email:)', [...], false)
 6 SYSTEMPATH\Model.php(383): CodeIgniter\Database\BaseBuilder->insert()
 7 SYSTEMPATH\BaseModel.php(840): CodeIgniter\Model->doInsert([...])
 8 SYSTEMPATH\Model.php(791): CodeIgniter\BaseModel->insert([...], true)
 9 APPPATH\Controllers\Users.php(41): CodeIgniter\Model->insert([...])
10 SYSTEMPATH\CodeIgniter.php(933): App\Controllers\Users->create()
11 SYSTEMPATH\CodeIgniter.php(509): CodeIgniter\CodeIgniter->runController(Object(App\Controllers\Users))
12 SYSTEMPATH\CodeIgniter.php(355): CodeIgniter\CodeIgniter->handleRequest(null, Object(Config\Cache), false)
13 SYSTEMPATH\Boot.php(312): CodeIgniter\CodeIgniter->run()
14 SYSTEMPATH\Boot.php(67): CodeIgniter\Boot::runCodeIgniter(Object(CodeIgniter\CodeIgniter))
15 FCPATH\index.php(56): CodeIgniter\Boot::bootWeb(Object(Config\Paths))
CRITICAL - 2024-07-28 16:14:25 --> CodeIgniter\HTTP\Exceptions\BadRequestException: The URI you submitted has disallowed characters: "Juan Estupiñan"
[Method: GET, Route: users/insert/Juan%20Estupi%C3%B1an/juan.estupi%C3%B1an@email.com]
in SYSTEMPATH\Router\Router.php on line 736.
 1 SYSTEMPATH\Router\Router.php(203): CodeIgniter\Router\Router->checkDisallowedChars('users/insert/Juan Estupiñan/juan.estupiñan@email.com')
 2 SYSTEMPATH\CodeIgniter.php(834): CodeIgniter\Router\Router->handle('users/insert/Juan Estupiñan/juan.estupiñan@email.com')
 3 SYSTEMPATH\CodeIgniter.php(457): CodeIgniter\CodeIgniter->tryToRouteIt(Object(CodeIgniter\Router\RouteCollection))
 4 SYSTEMPATH\CodeIgniter.php(355): CodeIgniter\CodeIgniter->handleRequest(null, Object(Config\Cache), false)
 5 SYSTEMPATH\Boot.php(312): CodeIgniter\CodeIgniter->run()
 6 SYSTEMPATH\Boot.php(67): CodeIgniter\Boot::runCodeIgniter(Object(CodeIgniter\CodeIgniter))
 7 FCPATH\index.php(56): CodeIgniter\Boot::bootWeb(Object(Config\Paths))
CRITICAL - 2024-07-28 16:16:47 --> CodeIgniter\HTTP\Exceptions\BadRequestException: The URI you submitted has disallowed characters: "juan.estupinan@email.com"
[Method: GET, Route: users/insert/Juan%20Estupinan/juan.estupinan@email.com]
in SYSTEMPATH\Router\Router.php on line 736.
 1 SYSTEMPATH\Router\Router.php(203): CodeIgniter\Router\Router->checkDisallowedChars('users/insert/Juan Estupinan/juan.estupinan@email.com')
 2 SYSTEMPATH\CodeIgniter.php(834): CodeIgniter\Router\Router->handle('users/insert/Juan Estupinan/juan.estupinan@email.com')
 3 SYSTEMPATH\CodeIgniter.php(457): CodeIgniter\CodeIgniter->tryToRouteIt(Object(CodeIgniter\Router\RouteCollection))
 4 SYSTEMPATH\CodeIgniter.php(355): CodeIgniter\CodeIgniter->handleRequest(null, Object(Config\Cache), false)
 5 SYSTEMPATH\Boot.php(312): CodeIgniter\CodeIgniter->run()
 6 SYSTEMPATH\Boot.php(67): CodeIgniter\Boot::runCodeIgniter(Object(CodeIgniter\CodeIgniter))
 7 FCPATH\index.php(56): CodeIgniter\Boot::bootWeb(Object(Config\Paths))
CRITICAL - 2024-07-28 16:16:57 --> CodeIgniter\HTTP\Exceptions\BadRequestException: The URI you submitted has disallowed characters: "juan.estupinan@email.com"
[Method: GET, Route: users/insert/Juan_Estupinan/juan.estupinan@email.com]
in SYSTEMPATH\Router\Router.php on line 736.
 1 SYSTEMPATH\Router\Router.php(203): CodeIgniter\Router\Router->checkDisallowedChars('users/insert/Juan_Estupinan/juan.estupinan@email.com')
 2 SYSTEMPATH\CodeIgniter.php(834): CodeIgniter\Router\Router->handle('users/insert/Juan_Estupinan/juan.estupinan@email.com')
 3 SYSTEMPATH\CodeIgniter.php(457): CodeIgniter\CodeIgniter->tryToRouteIt(Object(CodeIgniter\Router\RouteCollection))
 4 SYSTEMPATH\CodeIgniter.php(355): CodeIgniter\CodeIgniter->handleRequest(null, Object(Config\Cache), false)
 5 SYSTEMPATH\Boot.php(312): CodeIgniter\CodeIgniter->run()
 6 SYSTEMPATH\Boot.php(67): CodeIgniter\Boot::runCodeIgniter(Object(CodeIgniter\CodeIgniter))
 7 FCPATH\index.php(56): CodeIgniter\Boot::bootWeb(Object(Config\Paths))
ERROR - 2024-07-28 18:07:09 --> ErrorException: pg_query(): Query failed: ERROR:  llave duplicada viola restricción de unicidad «users_email_key»
DETAIL:  Ya existe la llave (email)=(Carlos.rodriguez-email.com). in C:\xampp\htdocs\api3\system\Database\Postgre\Connection.php:193
Stack trace:
#0 [internal function]: CodeIgniter\Debug\Exceptions->errorHandler(2, 'pg_query(): Que...', 'C:\\xampp\\htdocs...', 193)
#1 C:\xampp\htdocs\api3\system\Database\Postgre\Connection.php(193): pg_query(Object(PgSql\Connection), '\n            IN...')
#2 C:\xampp\htdocs\api3\system\Database\BaseConnection.php(722): CodeIgniter\Database\Postgre\Connection->execute('\n            IN...')
#3 C:\xampp\htdocs\api3\system\Database\BaseConnection.php(636): CodeIgniter\Database\BaseConnection->simpleQuery('\n            IN...')
#4 C:\xampp\htdocs\api3\app\Controllers\UserController.php(30): CodeIgniter\Database\BaseConnection->query('\n            IN...')
#5 C:\xampp\htdocs\api3\system\CodeIgniter.php(933): App\Controllers\UserController->insertar('Carlos_Rodrigue...', 'Carlos.rodrigue...')
#6 C:\xampp\htdocs\api3\system\CodeIgniter.php(509): CodeIgniter\CodeIgniter->runController(Object(App\Controllers\UserController))
#7 C:\xampp\htdocs\api3\system\CodeIgniter.php(355): CodeIgniter\CodeIgniter->handleRequest(NULL, Object(Config\Cache), false)
#8 C:\xampp\htdocs\api3\system\Boot.php(312): CodeIgniter\CodeIgniter->run()
#9 C:\xampp\htdocs\api3\system\Boot.php(67): CodeIgniter\Boot::runCodeIgniter(Object(CodeIgniter\CodeIgniter))
#10 C:\xampp\htdocs\api3\index.php(56): CodeIgniter\Boot::bootWeb(Object(Config\Paths))
#11 {main}
CRITICAL - 2024-07-28 18:07:09 --> CodeIgniter\Database\Exceptions\DatabaseException: pg_query(): Query failed: ERROR:  llave duplicada viola restricción de unicidad «users_email_key»
DETAIL:  Ya existe la llave (email)=(Carlos.rodriguez-email.com).
[Method: GET, Route: users/insertar/Carlos_Rodriguez/Carlos.rodriguez-email.com]
in SYSTEMPATH\Database\BaseConnection.php on line 676.
 1 APPPATH\Controllers\UserController.php(30): CodeIgniter\Database\BaseConnection->query('
            INSERT INTO users (name, email) 
            VALUES (\'Carlos_Rodriguez\', \'Carlos.rodriguez-email.com\')
        ')
 2 SYSTEMPATH\CodeIgniter.php(933): App\Controllers\UserController->insertar('Carlos_Rodriguez', 'Carlos.rodriguez-email.com')
 3 SYSTEMPATH\CodeIgniter.php(509): CodeIgniter\CodeIgniter->runController(Object(App\Controllers\UserController))
 4 SYSTEMPATH\CodeIgniter.php(355): CodeIgniter\CodeIgniter->handleRequest(null, Object(Config\Cache), false)
 5 SYSTEMPATH\Boot.php(312): CodeIgniter\CodeIgniter->run()
 6 SYSTEMPATH\Boot.php(67): CodeIgniter\Boot::runCodeIgniter(Object(CodeIgniter\CodeIgniter))
 7 FCPATH\index.php(56): CodeIgniter\Boot::bootWeb(Object(Config\Paths))
CRITICAL - 2024-07-28 18:07:09 --> [Caused by] CodeIgniter\Database\Exceptions\DatabaseException: pg_query(): Query failed: ERROR:  llave duplicada viola restricción de unicidad «users_email_key»
DETAIL:  Ya existe la llave (email)=(Carlos.rodriguez-email.com).
in SYSTEMPATH\Database\Postgre\Connection.php on line 198.
 1 SYSTEMPATH\Database\BaseConnection.php(722): CodeIgniter\Database\Postgre\Connection->execute('
            INSERT INTO users (name, email) 
            VALUES (\'Carlos_Rodriguez\', \'Carlos.rodriguez-email.com\')
        ')
 2 SYSTEMPATH\Database\BaseConnection.php(636): CodeIgniter\Database\BaseConnection->simpleQuery('
            INSERT INTO users (name, email) 
            VALUES (\'Carlos_Rodriguez\', \'Carlos.rodriguez-email.com\')
        ')
 3 APPPATH\Controllers\UserController.php(30): CodeIgniter\Database\BaseConnection->query('
            INSERT INTO users (name, email) 
            VALUES (\'Carlos_Rodriguez\', \'Carlos.rodriguez-email.com\')
        ')
 4 SYSTEMPATH\CodeIgniter.php(933): App\Controllers\UserController->insertar('Carlos_Rodriguez', 'Carlos.rodriguez-email.com')
 5 SYSTEMPATH\CodeIgniter.php(509): CodeIgniter\CodeIgniter->runController(Object(App\Controllers\UserController))
 6 SYSTEMPATH\CodeIgniter.php(355): CodeIgniter\CodeIgniter->handleRequest(null, Object(Config\Cache), false)
 7 SYSTEMPATH\Boot.php(312): CodeIgniter\CodeIgniter->run()
 8 SYSTEMPATH\Boot.php(67): CodeIgniter\Boot::runCodeIgniter(Object(CodeIgniter\CodeIgniter))
 9 FCPATH\index.php(56): CodeIgniter\Boot::bootWeb(Object(Config\Paths))
CRITICAL - 2024-07-28 18:07:09 --> [Caused by] ErrorException: pg_query(): Query failed: ERROR:  llave duplicada viola restricción de unicidad «users_email_key»
DETAIL:  Ya existe la llave (email)=(Carlos.rodriguez-email.com).
in SYSTEMPATH\Database\Postgre\Connection.php on line 193.
 1 [internal function]: CodeIgniter\Debug\Exceptions->errorHandler(2, 'pg_query(): Query failed: ERROR:  llave duplicada viola restricción de unicidad «users_email_key»
DETAIL:  Ya existe la llave (email)=(Carlos.rodriguez-email.com).', 'C:\\xampp\\htdocs\\api3\\system\\Database\\Postgre\\Connection.php', 193)
 2 SYSTEMPATH\Database\Postgre\Connection.php(193): pg_query(Object(PgSql\Connection), '
            INSERT INTO users (name, email) 
            VALUES (\'Carlos_Rodriguez\', \'Carlos.rodriguez-email.com\')
        ')
 3 SYSTEMPATH\Database\BaseConnection.php(722): CodeIgniter\Database\Postgre\Connection->execute('
            INSERT INTO users (name, email) 
            VALUES (\'Carlos_Rodriguez\', \'Carlos.rodriguez-email.com\')
        ')
 4 SYSTEMPATH\Database\BaseConnection.php(636): CodeIgniter\Database\BaseConnection->simpleQuery('
            INSERT INTO users (name, email) 
            VALUES (\'Carlos_Rodriguez\', \'Carlos.rodriguez-email.com\')
        ')
 5 APPPATH\Controllers\UserController.php(30): CodeIgniter\Database\BaseConnection->query('
            INSERT INTO users (name, email) 
            VALUES (\'Carlos_Rodriguez\', \'Carlos.rodriguez-email.com\')
        ')
 6 SYSTEMPATH\CodeIgniter.php(933): App\Controllers\UserController->insertar('Carlos_Rodriguez', 'Carlos.rodriguez-email.com')
 7 SYSTEMPATH\CodeIgniter.php(509): CodeIgniter\CodeIgniter->runController(Object(App\Controllers\UserController))
 8 SYSTEMPATH\CodeIgniter.php(355): CodeIgniter\CodeIgniter->handleRequest(null, Object(Config\Cache), false)
 9 SYSTEMPATH\Boot.php(312): CodeIgniter\CodeIgniter->run()
10 SYSTEMPATH\Boot.php(67): CodeIgniter\Boot::runCodeIgniter(Object(CodeIgniter\CodeIgniter))
11 FCPATH\index.php(56): CodeIgniter\Boot::bootWeb(Object(Config\Paths))
ERROR - 2024-07-28 18:07:23 --> ErrorException: pg_query(): Query failed: ERROR:  llave duplicada viola restricción de unicidad «users_email_key»
DETAIL:  Ya existe la llave (email)=(Carlos.rodriguez-email.com). in C:\xampp\htdocs\api3\system\Database\Postgre\Connection.php:193
Stack trace:
#0 [internal function]: CodeIgniter\Debug\Exceptions->errorHandler(2, 'pg_query(): Que...', 'C:\\xampp\\htdocs...', 193)
#1 C:\xampp\htdocs\api3\system\Database\Postgre\Connection.php(193): pg_query(Object(PgSql\Connection), '\n            IN...')
#2 C:\xampp\htdocs\api3\system\Database\BaseConnection.php(722): CodeIgniter\Database\Postgre\Connection->execute('\n            IN...')
#3 C:\xampp\htdocs\api3\system\Database\BaseConnection.php(636): CodeIgniter\Database\BaseConnection->simpleQuery('\n            IN...')
#4 C:\xampp\htdocs\api3\app\Controllers\UserController.php(30): CodeIgniter\Database\BaseConnection->query('\n            IN...')
#5 C:\xampp\htdocs\api3\system\CodeIgniter.php(933): App\Controllers\UserController->insertar('Carlos_Rodrigue...', 'Carlos.rodrigue...')
#6 C:\xampp\htdocs\api3\system\CodeIgniter.php(509): CodeIgniter\CodeIgniter->runController(Object(App\Controllers\UserController))
#7 C:\xampp\htdocs\api3\system\CodeIgniter.php(355): CodeIgniter\CodeIgniter->handleRequest(NULL, Object(Config\Cache), false)
#8 C:\xampp\htdocs\api3\system\Boot.php(312): CodeIgniter\CodeIgniter->run()
#9 C:\xampp\htdocs\api3\system\Boot.php(67): CodeIgniter\Boot::runCodeIgniter(Object(CodeIgniter\CodeIgniter))
#10 C:\xampp\htdocs\api3\index.php(56): CodeIgniter\Boot::bootWeb(Object(Config\Paths))
#11 {main}
CRITICAL - 2024-07-28 18:07:23 --> CodeIgniter\Database\Exceptions\DatabaseException: pg_query(): Query failed: ERROR:  llave duplicada viola restricción de unicidad «users_email_key»
DETAIL:  Ya existe la llave (email)=(Carlos.rodriguez-email.com).
[Method: GET, Route: users/insertar/Carlos_Rodriguez/Carlos.rodriguez-email.com]
in SYSTEMPATH\Database\BaseConnection.php on line 676.
 1 APPPATH\Controllers\UserController.php(30): CodeIgniter\Database\BaseConnection->query('
            INSERT INTO users (name, email) 
            VALUES (\'Carlos_Rodriguez\', \'Carlos.rodriguez-email.com\')
        ')
 2 SYSTEMPATH\CodeIgniter.php(933): App\Controllers\UserController->insertar('Carlos_Rodriguez', 'Carlos.rodriguez-email.com')
 3 SYSTEMPATH\CodeIgniter.php(509): CodeIgniter\CodeIgniter->runController(Object(App\Controllers\UserController))
 4 SYSTEMPATH\CodeIgniter.php(355): CodeIgniter\CodeIgniter->handleRequest(null, Object(Config\Cache), false)
 5 SYSTEMPATH\Boot.php(312): CodeIgniter\CodeIgniter->run()
 6 SYSTEMPATH\Boot.php(67): CodeIgniter\Boot::runCodeIgniter(Object(CodeIgniter\CodeIgniter))
 7 FCPATH\index.php(56): CodeIgniter\Boot::bootWeb(Object(Config\Paths))
CRITICAL - 2024-07-28 18:07:23 --> [Caused by] CodeIgniter\Database\Exceptions\DatabaseException: pg_query(): Query failed: ERROR:  llave duplicada viola restricción de unicidad «users_email_key»
DETAIL:  Ya existe la llave (email)=(Carlos.rodriguez-email.com).
in SYSTEMPATH\Database\Postgre\Connection.php on line 198.
 1 SYSTEMPATH\Database\BaseConnection.php(722): CodeIgniter\Database\Postgre\Connection->execute('
            INSERT INTO users (name, email) 
            VALUES (\'Carlos_Rodriguez\', \'Carlos.rodriguez-email.com\')
        ')
 2 SYSTEMPATH\Database\BaseConnection.php(636): CodeIgniter\Database\BaseConnection->simpleQuery('
            INSERT INTO users (name, email) 
            VALUES (\'Carlos_Rodriguez\', \'Carlos.rodriguez-email.com\')
        ')
 3 APPPATH\Controllers\UserController.php(30): CodeIgniter\Database\BaseConnection->query('
            INSERT INTO users (name, email) 
            VALUES (\'Carlos_Rodriguez\', \'Carlos.rodriguez-email.com\')
        ')
 4 SYSTEMPATH\CodeIgniter.php(933): App\Controllers\UserController->insertar('Carlos_Rodriguez', 'Carlos.rodriguez-email.com')
 5 SYSTEMPATH\CodeIgniter.php(509): CodeIgniter\CodeIgniter->runController(Object(App\Controllers\UserController))
 6 SYSTEMPATH\CodeIgniter.php(355): CodeIgniter\CodeIgniter->handleRequest(null, Object(Config\Cache), false)
 7 SYSTEMPATH\Boot.php(312): CodeIgniter\CodeIgniter->run()
 8 SYSTEMPATH\Boot.php(67): CodeIgniter\Boot::runCodeIgniter(Object(CodeIgniter\CodeIgniter))
 9 FCPATH\index.php(56): CodeIgniter\Boot::bootWeb(Object(Config\Paths))
CRITICAL - 2024-07-28 18:07:23 --> [Caused by] ErrorException: pg_query(): Query failed: ERROR:  llave duplicada viola restricción de unicidad «users_email_key»
DETAIL:  Ya existe la llave (email)=(Carlos.rodriguez-email.com).
in SYSTEMPATH\Database\Postgre\Connection.php on line 193.
 1 [internal function]: CodeIgniter\Debug\Exceptions->errorHandler(2, 'pg_query(): Query failed: ERROR:  llave duplicada viola restricción de unicidad «users_email_key»
DETAIL:  Ya existe la llave (email)=(Carlos.rodriguez-email.com).', 'C:\\xampp\\htdocs\\api3\\system\\Database\\Postgre\\Connection.php', 193)
 2 SYSTEMPATH\Database\Postgre\Connection.php(193): pg_query(Object(PgSql\Connection), '
            INSERT INTO users (name, email) 
            VALUES (\'Carlos_Rodriguez\', \'Carlos.rodriguez-email.com\')
        ')
 3 SYSTEMPATH\Database\BaseConnection.php(722): CodeIgniter\Database\Postgre\Connection->execute('
            INSERT INTO users (name, email) 
            VALUES (\'Carlos_Rodriguez\', \'Carlos.rodriguez-email.com\')
        ')
 4 SYSTEMPATH\Database\BaseConnection.php(636): CodeIgniter\Database\BaseConnection->simpleQuery('
            INSERT INTO users (name, email) 
            VALUES (\'Carlos_Rodriguez\', \'Carlos.rodriguez-email.com\')
        ')
 5 APPPATH\Controllers\UserController.php(30): CodeIgniter\Database\BaseConnection->query('
            INSERT INTO users (name, email) 
            VALUES (\'Carlos_Rodriguez\', \'Carlos.rodriguez-email.com\')
        ')
 6 SYSTEMPATH\CodeIgniter.php(933): App\Controllers\UserController->insertar('Carlos_Rodriguez', 'Carlos.rodriguez-email.com')
 7 SYSTEMPATH\CodeIgniter.php(509): CodeIgniter\CodeIgniter->runController(Object(App\Controllers\UserController))
 8 SYSTEMPATH\CodeIgniter.php(355): CodeIgniter\CodeIgniter->handleRequest(null, Object(Config\Cache), false)
 9 SYSTEMPATH\Boot.php(312): CodeIgniter\CodeIgniter->run()
10 SYSTEMPATH\Boot.php(67): CodeIgniter\Boot::runCodeIgniter(Object(CodeIgniter\CodeIgniter))
11 FCPATH\index.php(56): CodeIgniter\Boot::bootWeb(Object(Config\Paths))
ERROR - 2024-07-28 18:07:42 --> ErrorException: pg_query(): Query failed: ERROR:  llave duplicada viola restricción de unicidad «users_email_key»
DETAIL:  Ya existe la llave (email)=(Carlos.rodriguez-email.com). in C:\xampp\htdocs\api3\system\Database\Postgre\Connection.php:193
Stack trace:
#0 [internal function]: CodeIgniter\Debug\Exceptions->errorHandler(2, 'pg_query(): Que...', 'C:\\xampp\\htdocs...', 193)
#1 C:\xampp\htdocs\api3\system\Database\Postgre\Connection.php(193): pg_query(Object(PgSql\Connection), '\n            IN...')
#2 C:\xampp\htdocs\api3\system\Database\BaseConnection.php(722): CodeIgniter\Database\Postgre\Connection->execute('\n            IN...')
#3 C:\xampp\htdocs\api3\system\Database\BaseConnection.php(636): CodeIgniter\Database\BaseConnection->simpleQuery('\n            IN...')
#4 C:\xampp\htdocs\api3\app\Controllers\UserController.php(30): CodeIgniter\Database\BaseConnection->query('\n            IN...')
#5 C:\xampp\htdocs\api3\system\CodeIgniter.php(933): App\Controllers\UserController->insertar('Carlos_Rodrigue...', 'Carlos.rodrigue...')
#6 C:\xampp\htdocs\api3\system\CodeIgniter.php(509): CodeIgniter\CodeIgniter->runController(Object(App\Controllers\UserController))
#7 C:\xampp\htdocs\api3\system\CodeIgniter.php(355): CodeIgniter\CodeIgniter->handleRequest(NULL, Object(Config\Cache), false)
#8 C:\xampp\htdocs\api3\system\Boot.php(312): CodeIgniter\CodeIgniter->run()
#9 C:\xampp\htdocs\api3\system\Boot.php(67): CodeIgniter\Boot::runCodeIgniter(Object(CodeIgniter\CodeIgniter))
#10 C:\xampp\htdocs\api3\index.php(56): CodeIgniter\Boot::bootWeb(Object(Config\Paths))
#11 {main}
CRITICAL - 2024-07-28 18:07:42 --> CodeIgniter\Database\Exceptions\DatabaseException: pg_query(): Query failed: ERROR:  llave duplicada viola restricción de unicidad «users_email_key»
DETAIL:  Ya existe la llave (email)=(Carlos.rodriguez-email.com).
[Method: GET, Route: users/insertar/Carlos_Rodriguez/Carlos.rodriguez-email.com]
in SYSTEMPATH\Database\BaseConnection.php on line 676.
 1 APPPATH\Controllers\UserController.php(30): CodeIgniter\Database\BaseConnection->query('
            INSERT INTO users (name, email) 
            VALUES (\'Carlos_Rodriguez\', \'Carlos.rodriguez-email.com\')
        ')
 2 SYSTEMPATH\CodeIgniter.php(933): App\Controllers\UserController->insertar('Carlos_Rodriguez', 'Carlos.rodriguez-email.com')
 3 SYSTEMPATH\CodeIgniter.php(509): CodeIgniter\CodeIgniter->runController(Object(App\Controllers\UserController))
 4 SYSTEMPATH\CodeIgniter.php(355): CodeIgniter\CodeIgniter->handleRequest(null, Object(Config\Cache), false)
 5 SYSTEMPATH\Boot.php(312): CodeIgniter\CodeIgniter->run()
 6 SYSTEMPATH\Boot.php(67): CodeIgniter\Boot::runCodeIgniter(Object(CodeIgniter\CodeIgniter))
 7 FCPATH\index.php(56): CodeIgniter\Boot::bootWeb(Object(Config\Paths))
CRITICAL - 2024-07-28 18:07:42 --> [Caused by] CodeIgniter\Database\Exceptions\DatabaseException: pg_query(): Query failed: ERROR:  llave duplicada viola restricción de unicidad «users_email_key»
DETAIL:  Ya existe la llave (email)=(Carlos.rodriguez-email.com).
in SYSTEMPATH\Database\Postgre\Connection.php on line 198.
 1 SYSTEMPATH\Database\BaseConnection.php(722): CodeIgniter\Database\Postgre\Connection->execute('
            INSERT INTO users (name, email) 
            VALUES (\'Carlos_Rodriguez\', \'Carlos.rodriguez-email.com\')
        ')
 2 SYSTEMPATH\Database\BaseConnection.php(636): CodeIgniter\Database\BaseConnection->simpleQuery('
            INSERT INTO users (name, email) 
            VALUES (\'Carlos_Rodriguez\', \'Carlos.rodriguez-email.com\')
        ')
 3 APPPATH\Controllers\UserController.php(30): CodeIgniter\Database\BaseConnection->query('
            INSERT INTO users (name, email) 
            VALUES (\'Carlos_Rodriguez\', \'Carlos.rodriguez-email.com\')
        ')
 4 SYSTEMPATH\CodeIgniter.php(933): App\Controllers\UserController->insertar('Carlos_Rodriguez', 'Carlos.rodriguez-email.com')
 5 SYSTEMPATH\CodeIgniter.php(509): CodeIgniter\CodeIgniter->runController(Object(App\Controllers\UserController))
 6 SYSTEMPATH\CodeIgniter.php(355): CodeIgniter\CodeIgniter->handleRequest(null, Object(Config\Cache), false)
 7 SYSTEMPATH\Boot.php(312): CodeIgniter\CodeIgniter->run()
 8 SYSTEMPATH\Boot.php(67): CodeIgniter\Boot::runCodeIgniter(Object(CodeIgniter\CodeIgniter))
 9 FCPATH\index.php(56): CodeIgniter\Boot::bootWeb(Object(Config\Paths))
CRITICAL - 2024-07-28 18:07:42 --> [Caused by] ErrorException: pg_query(): Query failed: ERROR:  llave duplicada viola restricción de unicidad «users_email_key»
DETAIL:  Ya existe la llave (email)=(Carlos.rodriguez-email.com).
in SYSTEMPATH\Database\Postgre\Connection.php on line 193.
 1 [internal function]: CodeIgniter\Debug\Exceptions->errorHandler(2, 'pg_query(): Query failed: ERROR:  llave duplicada viola restricción de unicidad «users_email_key»
DETAIL:  Ya existe la llave (email)=(Carlos.rodriguez-email.com).', 'C:\\xampp\\htdocs\\api3\\system\\Database\\Postgre\\Connection.php', 193)
 2 SYSTEMPATH\Database\Postgre\Connection.php(193): pg_query(Object(PgSql\Connection), '
            INSERT INTO users (name, email) 
            VALUES (\'Carlos_Rodriguez\', \'Carlos.rodriguez-email.com\')
        ')
 3 SYSTEMPATH\Database\BaseConnection.php(722): CodeIgniter\Database\Postgre\Connection->execute('
            INSERT INTO users (name, email) 
            VALUES (\'Carlos_Rodriguez\', \'Carlos.rodriguez-email.com\')
        ')
 4 SYSTEMPATH\Database\BaseConnection.php(636): CodeIgniter\Database\BaseConnection->simpleQuery('
            INSERT INTO users (name, email) 
            VALUES (\'Carlos_Rodriguez\', \'Carlos.rodriguez-email.com\')
        ')
 5 APPPATH\Controllers\UserController.php(30): CodeIgniter\Database\BaseConnection->query('
            INSERT INTO users (name, email) 
            VALUES (\'Carlos_Rodriguez\', \'Carlos.rodriguez-email.com\')
        ')
 6 SYSTEMPATH\CodeIgniter.php(933): App\Controllers\UserController->insertar('Carlos_Rodriguez', 'Carlos.rodriguez-email.com')
 7 SYSTEMPATH\CodeIgniter.php(509): CodeIgniter\CodeIgniter->runController(Object(App\Controllers\UserController))
 8 SYSTEMPATH\CodeIgniter.php(355): CodeIgniter\CodeIgniter->handleRequest(null, Object(Config\Cache), false)
 9 SYSTEMPATH\Boot.php(312): CodeIgniter\CodeIgniter->run()
10 SYSTEMPATH\Boot.php(67): CodeIgniter\Boot::runCodeIgniter(Object(CodeIgniter\CodeIgniter))
11 FCPATH\index.php(56): CodeIgniter\Boot::bootWeb(Object(Config\Paths))
